app/manifest-merger-release-report.txt
-- Merging decision tree log ---
manifest
ADDED from AndroidManifest.xml:1:1
	xmlns:android
		ADDED from AndroidManifest.xml:1:11
	package
		ADDED from AndroidManifest.xml:2:5
		INJECTED from AndroidManifest.xml:0:0
		INJECTED from AndroidManifest.xml:0:0
	android:versionName
		ADDED from AndroidManifest.xml:4:5
	android:versionCode
		ADDED from AndroidManifest.xml:3:5
		INJECTED from AndroidManifest.xml:0:0
		INJECTED from AndroidManifest.xml:0:0
uses-sdk
ADDED from AndroidManifest.xml:6:5
	android:targetSdkVersion
		ADDED from AndroidManifest.xml:8:9
		INJECTED from AndroidManifest.xml:0:0
		INJECTED from AndroidManifest.xml:0:0
	android:minSdkVersion
		ADDED from AndroidManifest.xml:7:9
		INJECTED from AndroidManifest.xml:0:0
		INJECTED from AndroidManifest.xml:0:0
application
ADDED from AndroidManifest.xml:10:5
	android:label
		ADDED from AndroidManifest.xml:13:9
	android:allowBackup
		ADDED from AndroidManifest.xml:11:9
	android:icon
		ADDED from AndroidManifest.xml:12:9
	android:theme
		ADDED from AndroidManifest.xml:14:9
receiver#com.suchakra.woodenlcdwatchface.WatchFaceWoodenLCDClockProvider
ADDED from AndroidManifest.xml:16:3
	android:label
		ADDED from AndroidManifest.xml:16:108
	android:exported
		ADDED from AndroidManifest.xml:16:84
	android:enabled
		ADDED from AndroidManifest.xml:16:61
	android:name
		ADDED from AndroidManifest.xml:16:13
intent-filter#android.appwidget.action.APPWIDGET_UPDATE
ADDED from AndroidManifest.xml:17:14
action#android.appwidget.action.APPWIDGET_UPDATE
ADDED from AndroidManifest.xml:18:17
	android:name
		ADDED from AndroidManifest.xml:18:25
meta-data#android.appwidget.provider
ADDED from AndroidManifest.xml:21:13
	android:resource
		ADDED from AndroidManifest.xml:21:66
	android:name
		ADDED from AndroidManifest.xml:21:24
service#com.suchakra.woodenlcdwatchface.WoodenLCDClockService
ADDED from AndroidManifest.xml:23:9
	android:name
		ADDED from AndroidManifest.xml:23:18